d:\xyz c++ for gamedevelopment\part1\1 project-snake\my snake game\my snake game\snakegame10\snakegame\x64\debug\vc143.pdb
d:\xyz c++ for gamedevelopment\part1\1 project-snake\my snake game\my snake game\snakegame10\snakegame\x64\debug\vc143.idb
d:\xyz c++ for gamedevelopment\part1\1 project-snake\my snake game\my snake game\snakegame10\snakegame\x64\debug\ui.obj
d:\xyz c++ for gamedevelopment\part1\1 project-snake\my snake game\my snake game\snakegame10\snakegame\x64\debug\snake.obj
d:\xyz c++ for gamedevelopment\part1\1 project-snake\my snake game\my snake game\snakegame10\snakegame\x64\debug\rock.obj
d:\xyz c++ for gamedevelopment\part1\1 project-snake\my snake game\my snake game\snakegame10\snakegame\x64\debug\math.obj
d:\xyz c++ for gamedevelopment\part1\1 project-snake\my snake game\my snake game\snakegame10\snakegame\x64\debug\mainmenu.obj
d:\xyz c++ for gamedevelopment\part1\1 project-snake\my snake game\my snake game\snakegame10\snakegame\x64\debug\gamestatesettingsound.obj
d:\xyz c++ for gamedevelopment\part1\1 project-snake\my snake game\my snake game\snakegame10\snakegame\x64\debug\gamestaterecords.obj
d:\xyz c++ for gamedevelopment\part1\1 project-snake\my snake game\my snake game\snakegame10\snakegame\x64\debug\gamestateplaying.obj
d:\xyz c++ for gamedevelopment\part1\1 project-snake\my snake game\my snake game\snakegame10\snakegame\x64\debug\gamestatepausemenu.obj
d:\xyz c++ for gamedevelopment\part1\1 project-snake\my snake game\my snake game\snakegame10\snakegame\x64\debug\gamestatemainmenu.obj
d:\xyz c++ for gamedevelopment\part1\1 project-snake\my snake game\my snake game\snakegame10\snakegame\x64\debug\gamestategameover.obj
d:\xyz c++ for gamedevelopment\part1\1 project-snake\my snake game\my snake game\snakegame10\snakegame\x64\debug\gamesettingsound.obj
d:\xyz c++ for gamedevelopment\part1\1 project-snake\my snake game\my snake game\snakegame10\snakegame\x64\debug\gamesettings.obj
d:\xyz c++ for gamedevelopment\part1\1 project-snake\my snake game\my snake game\snakegame10\snakegame\x64\debug\gamemain.obj
d:\xyz c++ for gamedevelopment\part1\1 project-snake\my snake game\my snake game\snakegame10\snakegame\x64\debug\game.obj
d:\xyz c++ for gamedevelopment\part1\1 project-snake\my snake game\my snake game\snakegame10\snakegame\x64\debug\food.obj
d:\xyz c++ for gamedevelopment\part1\1 project-snake\my snake game\my snake game\snakegame10\snakegame\x64\debug\snakegame.ilk
d:\xyz c++ for gamedevelopment\part1\1 project-snake\my snake game\my snake game\snakegame10\snakegame\x64\debug\snakegame.pdb
d:\xyz c++ for gamedevelopment\part1\1 project-snake\my snake game\my snake game\snakegame10\x64\debug\snakegame.pdb
d:\xyz c++ for gamedevelopment\part1\1 project-snake\my snake game\my snake game\snakegame10\snakegame\x64\debug\snakegame.tlog\cl.command.1.tlog
d:\xyz c++ for gamedevelopment\part1\1 project-snake\my snake game\my snake game\snakegame10\snakegame\x64\debug\snakegame.tlog\cl.items.tlog
d:\xyz c++ for gamedevelopment\part1\1 project-snake\my snake game\my snake game\snakegame10\snakegame\x64\debug\snakegame.tlog\cl.read.1.tlog
d:\xyz c++ for gamedevelopment\part1\1 project-snake\my snake game\my snake game\snakegame10\snakegame\x64\debug\snakegame.tlog\cl.write.1.tlog
d:\xyz c++ for gamedevelopment\part1\1 project-snake\my snake game\my snake game\snakegame10\snakegame\x64\debug\snakegame.tlog\link-cvtres.read.1.tlog
d:\xyz c++ for gamedevelopment\part1\1 project-snake\my snake game\my snake game\snakegame10\snakegame\x64\debug\snakegame.tlog\link-cvtres.write.1.tlog
d:\xyz c++ for gamedevelopment\part1\1 project-snake\my snake game\my snake game\snakegame10\snakegame\x64\debug\snakegame.tlog\link-rc.read.1.tlog
d:\xyz c++ for gamedevelopment\part1\1 project-snake\my snake game\my snake game\snakegame10\snakegame\x64\debug\snakegame.tlog\link-rc.write.1.tlog
d:\xyz c++ for gamedevelopment\part1\1 project-snake\my snake game\my snake game\snakegame10\snakegame\x64\debug\snakegame.tlog\link.command.1.tlog
d:\xyz c++ for gamedevelopment\part1\1 project-snake\my snake game\my snake game\snakegame10\snakegame\x64\debug\snakegame.tlog\link.read.1.tlog
d:\xyz c++ for gamedevelopment\part1\1 project-snake\my snake game\my snake game\snakegame10\snakegame\x64\debug\snakegame.tlog\link.read.2.tlog
d:\xyz c++ for gamedevelopment\part1\1 project-snake\my snake game\my snake game\snakegame10\snakegame\x64\debug\snakegame.tlog\link.secondary.1.tlog
d:\xyz c++ for gamedevelopment\part1\1 project-snake\my snake game\my snake game\snakegame10\snakegame\x64\debug\snakegame.tlog\link.write.1.tlog
